#
# A fatal error has been detected by the Java Runtime Environment:
#
#  EXCEPTION_ACCESS_VIOLATION (0xc0000005) at pc=0x000000006b9a51c3, pid=15420, tid=0x0000000000003ccc
#
# JRE version: Java(TM) SE Runtime Environment (8.0_261-b12) (build 1.8.0_261-b12)
# Java VM: Java HotSpot(TM) 64-Bit Server VM (25.261-b12 mixed mode windows-amd64 compressed oops)
# Problematic frame:
# V  [jvm.dll+0x1151c3]
#
# Failed to write core dump. Minidumps are not enabled by default on client versions of Windows
#
# If you would like to submit a bug report, please visit:
#   http://bugreport.java.com/bugreport/crash.jsp
#

---------------  T H R E A D  ---------------

Current thread (0x0000022074fe1800):  VMThread [stack: 0x000000dce6b00000,0x000000dce6c00000] [id=15564]

siginfo: ExceptionCode=0xc0000005, reading address 0xffffffffffffffff

Registers:
RAX=0x0000000000000037, RBX=0x000000dce6bfeff0, RCX=0x000000dce6bfeff0, RDX=0xffffffffffffca77
RSP=0x000000dce6bfee10, RBP=0x0000000000000000, RSI=0x00000000000000a7, RDI=0x00000000000000a7
R8 =0x0000000000000037, R9 =0x000002205999d0c0, R10=0x03ffffffffffff29, R11=0x0000022073f604d4
R12=0x000002205999d020, R13=0x0000000000000001, R14=0x000000006b9a51a0, R15=0x0000000000000064
RIP=0x000000006b9a51c3, EFLAGS=0x0000000000010a03

Top of Stack: (sp=0x000000dce6bfee10)
0x000000dce6bfee10:   0000022073f60588 0000000000000064
0x000000dce6bfee20:   000000dce6bfeff0 000000006b9a4ffe
0x000000dce6bfee30:   000000dce6bfeff0 000000006b9a8fdf
0x000000dce6bfee40:   000000dce6bfeff0 00000000000000a7
0x000000dce6bfee50:   0000022074fe1800 000000006b926978
0x000000dce6bfee60:   0000022073f60588 000000dce6bfeec0
0x000000dce6bfee70:   0000000000000064 0000022073f60504
0x000000dce6bfee80:   00000000000000a7 000000006b9a9509
0x000000dce6bfee90:   0000022073f60588 000000dce6bfeff0
0x000000dce6bfeea0:   000000dce6bfeef0 00000000000000a7
0x000000dce6bfeeb0:   0000022073f60588 0000022074fe1800
0x000000dce6bfeec0:   0000022073f60588 0000022074fe1800
0x000000dce6bfeed0:   0000006700000064 000000a70000008b
0x000000dce6bfeee0:   0000000000000000 00000000000000a7
0x000000dce6bfeef0:   0000000000000000 0000000000000000
0x000000dce6bfef00:   000002205999d3f8 000002205999d020 

Instructions: (pc=0x000000006b9a51c3)
0x000000006b9a51a3:   83 ec 20 4c 8b 89 90 00 00 00 48 8b d9 48 63 d2
0x000000006b9a51b3:   0f b6 c2 4c 8b d2 24 3f 49 c1 ea 06 44 0f b6 c0
0x000000006b9a51c3:   4b 8b 04 d1 4c 0f a3 c0 72 0f 48 83 c1 70 41 b0
0x000000006b9a51d3:   01 e8 a7 4c 16 00 ff 43 6c 48 83 c4 20 5b c3 cc 


Register to memory mapping:

RAX=0x0000000000000037 is an unknown value
RBX=0x000000dce6bfeff0 is an unknown value
RCX=0x000000dce6bfeff0 is an unknown value
RDX=0xffffffffffffca77 is an unknown value
RSP=0x000000dce6bfee10 is an unknown value
RBP=0x0000000000000000 is an unknown value
RSI=0x00000000000000a7 is an unknown value
RDI=0x00000000000000a7 is an unknown value
R8 =0x0000000000000037 is an unknown value
R9 =0x000002205999d0c0 is an unknown value
R10=0x03ffffffffffff29 is an unknown value
R11=0x0000022073f604d4 is pointing into metadata
R12=0x000002205999d020 is an unknown value
R13=0x0000000000000001 is an unknown value
R14=0x000000006b9a51a0 is an unknown value
R15=0x0000000000000064 is an unknown value


Stack: [0x000000dce6b00000,0x000000dce6c00000],  sp=0x000000dce6bfee10,  free space=1019k
Native frames: (J=compiled Java code, j=interpreted, Vv=VM code, C=native code)

VM_Operation (0x000000dce70ff410): GetOrSetLocal, mode: safepoint, requested by thread 0x0000022075064800


---------------  P R O C E S S  ---------------

Java Threads: ( => current thread )
  0x00000220768f2000 JavaThread "Service Thread" daemon [_thread_blocked, id=9176, stack(0x000000dce7700000,0x000000dce7800000)]
  0x0000022076843000 JavaThread "C1 CompilerThread3" daemon [_thread_blocked, id=11196, stack(0x000000dce7600000,0x000000dce7700000)]
  0x0000022076842800 JavaThread "C2 CompilerThread2" daemon [_thread_blocked, id=10896, stack(0x000000dce7500000,0x000000dce7600000)]
  0x000002207683f800 JavaThread "C2 CompilerThread1" daemon [_thread_blocked, id=10728, stack(0x000000dce7400000,0x000000dce7500000)]
  0x000002207683b000 JavaThread "C2 CompilerThread0" daemon [_thread_blocked, id=7616, stack(0x000000dce7300000,0x000000dce7400000)]
  0x0000022075069800 JavaThread "JDWP Command Reader" daemon [_thread_in_native, id=18412, stack(0x000000dce7200000,0x000000dce7300000)]
  0x0000022075066000 JavaThread "JDWP Event Helper Thread" daemon [_thread_blocked, id=12732, stack(0x000000dce7100000,0x000000dce7200000)]
  0x0000022075064800 JavaThread "JDWP Transport Listener: dt_socket" daemon [_thread_blocked, id=18164, stack(0x000000dce7000000,0x000000dce7100000)]
  0x000002207503c000 JavaThread "Attach Listener" daemon [_thread_blocked, id=18820, stack(0x000000dce6f00000,0x000000dce7000000)]
  0x000002207503b000 JavaThread "Signal Dispatcher" daemon [_thread_blocked, id=5408, stack(0x000000dce6e00000,0x000000dce6f00000)]
  0x0000022075011000 JavaThread "Finalizer" daemon [_thread_blocked, id=13060, stack(0x000000dce6d00000,0x000000dce6e00000)]
  0x0000022075009800 JavaThread "Reference Handler" daemon [_thread_blocked, id=8316, stack(0x000000dce6c00000,0x000000dce6d00000)]
  0x00000220598ea000 JavaThread "main" [_thread_blocked, id=1244, stack(0x000000dce6200000,0x000000dce6300000)]

Other Threads:
=>0x0000022074fe1800 VMThread [stack: 0x000000dce6b00000,0x000000dce6c00000] [id=15564]
  0x000002207690b800 WatcherThread [stack: 0x000000dce7800000,0x000000dce7900000] [id=5064]

VM state:at safepoint (normal execution)

VM Mutex/Monitor currently owned by a thread:  ([mutex/lock_event])
[0x00000220598e7fd0] Threads_lock - owner thread: 0x0000022074fe1800

heap address: 0x00000006c2600000, size: 4058 MB, Compressed Oops mode: Zero based, Oop shift amount: 3
Narrow klass base: 0x0000000000000000, Narrow klass shift: 3
Compressed class space size: 1073741824 Address: 0x00000007c0000000

Heap:
 PSYoungGen      total 75776K, used 7848K [0x000000076b780000, 0x0000000770c00000, 0x00000007c0000000)
  eden space 65024K, 12% used [0x000000076b780000,0x000000076bf2a1d8,0x000000076f700000)
  from space 10752K, 0% used [0x0000000770180000,0x0000000770180000,0x0000000770c00000)
  to   space 10752K, 0% used [0x000000076f700000,0x000000076f700000,0x0000000770180000)
 ParOldGen       total 173568K, used 0K [0x00000006c2600000, 0x00000006ccf80000, 0x000000076b780000)
  object space 173568K, 0% used [0x00000006c2600000,0x00000006c2600000,0x00000006ccf80000)
 Metaspace       used 5538K, capacity 5596K, committed 5760K, reserved 1056768K
  class space    used 596K, capacity 627K, committed 640K, reserved 1048576K

Card table byte_map: [0x000002206a710000,0x000002206af00000] byte_map_base: 0x00000220670fd000

Marking Bits: (ParMarkBitMap*) 0x000000006c084fb0
 Begin Bits: [0x000002206b450000, 0x000002206f3b8000)
 End Bits:   [0x000002206f3b8000, 0x0000022073320000)

Polling page: 0x0000022059880000

CodeCache: size=245760Kb used=1463Kb max_used=1463Kb free=244296Kb
 bounds [0x000002205b350000, 0x000002205b5c0000, 0x000002206a350000]
 total_blobs=466 nmethods=171 adapters=216
 compilation: enabled

Compilation events (10 events):
Event: 83.277 Thread 0x0000022076843000  167       3       org.eclipse.jdt.launching.internal.org.objectweb.asm.ByteVector::putShort (52 bytes)
Event: 83.277 Thread 0x0000022076843000 nmethod 167 0x000002205b4b9b10 code [0x000002205b4b9c80, 0x000002205b4b9ef0]
Event: 87.261 Thread 0x0000022076843000  168       3       org.eclipse.jdt.launching.internal.org.objectweb.asm.ByteVector::put12 (64 bytes)
Event: 87.262 Thread 0x0000022076843000 nmethod 168 0x000002205b4bc5d0 code [0x000002205b4bc740, 0x000002205b4bc9d0]
Event: 200.428 Thread 0x0000022076843000  169       3       org.eclipse.jdt.launching.internal.org.objectweb.asm.ByteVector::putUTF8 (144 bytes)
Event: 200.430 Thread 0x0000022076843000 nmethod 169 0x000002205b4bcb90 code [0x000002205b4bcd80, 0x000002205b4bd640]
Event: 200.430 Thread 0x0000022076843000  170       3       org.eclipse.jdt.launching.internal.org.objectweb.asm.ClassReader::readUtf (161 bytes)
Event: 200.431 Thread 0x0000022076843000 nmethod 170 0x000002205b4bdb90 code [0x000002205b4bdd20, 0x000002205b4be1f0]
Event: 200.431 Thread 0x0000022076843000  171       3       org.eclipse.jdt.launching.internal.org.objectweb.asm.SymbolTable$Entry::<init> (17 bytes)
Event: 200.431 Thread 0x0000022076843000 nmethod 171 0x000002205b4b9710 code [0x000002205b4b9880, 0x000002205b4b9a70]

GC Heap History (0 events):
No events

Deoptimization events (0 events):
No events

Classes redefined (3 events):
Event: 83.275 Thread 0x0000022074fe1800 redefined class name=com.ecodation.examples.Example016_Asal, count=1
Event: 87.263 Thread 0x0000022074fe1800 redefined class name=com.ecodation.examples.Example016_Asal, count=2
Event: 200.429 Thread 0x0000022074fe1800 redefined class name=com.ecodation.examples.Example016_Asal, count=3

Internal exceptions (6 events):
Event: 0.046 Thread 0x00000220598ea000 Exception <a 'java/lang/NoSuchMethodError': Method sun.misc.Unsafe.defineClass(Ljava/lang/String;[BII)Ljava/lang/Class; name or signature does not match> (0x000000076b787cc0) thrown at [C:\jenkins\workspace\8-2-build-windows-amd64-cygwin\jdk8u261\295\hots
Event: 0.046 Thread 0x00000220598ea000 Exception <a 'java/lang/NoSuchMethodError': Method sun.misc.Unsafe.prefetchRead(Ljava/lang/Object;J)V name or signature does not match> (0x000000076b787fa8) thrown at [C:\jenkins\workspace\8-2-build-windows-amd64-cygwin\jdk8u261\295\hotspot\src\share\vm\p
Event: 0.507 Thread 0x00000220598ea000 Exception <a 'java/security/PrivilegedActionException'> (0x000000076beaff20) thrown at [C:\jenkins\workspace\8-2-build-windows-amd64-cygwin\jdk8u261\295\hotspot\src\share\vm\prims\jvm.cpp, line 1512]
Event: 0.507 Thread 0x00000220598ea000 Exception <a 'java/security/PrivilegedActionException'> (0x000000076beb0318) thrown at [C:\jenkins\workspace\8-2-build-windows-amd64-cygwin\jdk8u261\295\hotspot\src\share\vm\prims\jvm.cpp, line 1512]
Event: 0.508 Thread 0x00000220598ea000 Exception <a 'java/security/PrivilegedActionException'> (0x000000076beb4410) thrown at [C:\jenkins\workspace\8-2-build-windows-amd64-cygwin\jdk8u261\295\hotspot\src\share\vm\prims\jvm.cpp, line 1512]
Event: 0.508 Thread 0x00000220598ea000 Exception <a 'java/security/PrivilegedActionException'> (0x000000076beb4808) thrown at [C:\jenkins\workspace\8-2-build-windows-amd64-cygwin\jdk8u261\295\hotspot\src\share\vm\prims\jvm.cpp, line 1512]

Events (10 events):
Event: 200.452 Executing VM operation: ChangeBreakpoints done
Event: 200.457 Executing VM operation: ChangeBreakpoints
Event: 200.457 Executing VM operation: ChangeBreakpoints done
Event: 200.458 Executing VM operation: ChangeBreakpoints
Event: 200.458 Executing VM operation: ChangeBreakpoints done
Event: 200.737 Executing VM operation: GetOwnedMonitorInfo
Event: 200.737 Executing VM operation: GetOwnedMonitorInfo done
Event: 200.738 Executing VM operation: GetCurrentContendedMonitor
Event: 200.738 Executing VM operation: GetCurrentContendedMonitor done
Event: 232.582 Executing VM operation: GetOrSetLocal


Dynamic libraries:
0x00007ff78b460000 - 0x00007ff78b4a7000 	C:\Program Files\Java\jdk1.8.0_261\bin\javaw.exe
0x00007ffb214c0000 - 0x00007ffb216b0000 	C:\WINDOWS\SYSTEM32\ntdll.dll
0x00007ffb20520000 - 0x00007ffb205d2000 	C:\WINDOWS\System32\KERNEL32.DLL
0x00007ffb1edd0000 - 0x00007ffb1f075000 	C:\WINDOWS\System32\KERNELBASE.dll
0x00007ffb21100000 - 0x00007ffb211a3000 	C:\WINDOWS\System32\ADVAPI32.dll
0x00007ffb20f20000 - 0x00007ffb20fbe000 	C:\WINDOWS\System32\msvcrt.dll
0x00007ffb213e0000 - 0x00007ffb21477000 	C:\WINDOWS\System32\sechost.dll
0x00007ffb211b0000 - 0x00007ffb212d0000 	C:\WINDOWS\System32\RPCRT4.dll
0x00007ffb20660000 - 0x00007ffb207f5000 	C:\WINDOWS\System32\USER32.dll
0x00007ffb1f080000 - 0x00007ffb1f0a1000 	C:\WINDOWS\System32\win32u.dll
0x00007ffb204f0000 - 0x00007ffb20516000 	C:\WINDOWS\System32\GDI32.dll
0x00007ffb1e4b0000 - 0x00007ffb1e646000 	C:\WINDOWS\System32\gdi32full.dll
0x00007ffb1f490000 - 0x00007ffb1f52e000 	C:\WINDOWS\System32\msvcp_win.dll
0x00007ffb1f330000 - 0x00007ffb1f42a000 	C:\WINDOWS\System32\ucrtbase.dll
0x00007ffb0cac0000 - 0x00007ffb0cd44000 	C:\WINDOWS\WinSxS\amd64_microsoft.windows.common-controls_6595b64144ccf1df_6.0.18362.1082_none_9e8193e1e45b25c1\COMCTL32.dll
0x00007ffb20800000 - 0x00007ffb20b35000 	C:\WINDOWS\System32\combase.dll
0x00007ffb1f550000 - 0x00007ffb1f5d0000 	C:\WINDOWS\System32\bcryptPrimitives.dll
0x00007ffb201c0000 - 0x00007ffb201ee000 	C:\WINDOWS\System32\IMM32.DLL
0x00007ffb111e0000 - 0x00007ffb111f5000 	C:\Program Files\Java\jdk1.8.0_261\jre\bin\vcruntime140.dll
0x00007ffb10c90000 - 0x00007ffb10d2b000 	C:\Program Files\Java\jdk1.8.0_261\jre\bin\msvcp140.dll
0x000000006b890000 - 0x000000006c0fc000 	C:\Program Files\Java\jdk1.8.0_261\jre\bin\server\jvm.dll
0x00007ffb1f640000 - 0x00007ffb1f648000 	C:\WINDOWS\System32\PSAPI.DLL
0x00007ffb08500000 - 0x00007ffb08509000 	C:\WINDOWS\SYSTEM32\WSOCK32.dll
0x00007ffb203a0000 - 0x00007ffb2040f000 	C:\WINDOWS\System32\WS2_32.dll
0x00007ffb1a930000 - 0x00007ffb1a954000 	C:\WINDOWS\SYSTEM32\WINMM.dll
0x00007ffb11cb0000 - 0x00007ffb11cba000 	C:\WINDOWS\SYSTEM32\VERSION.dll
0x00007ffb1a8c0000 - 0x00007ffb1a8ed000 	C:\WINDOWS\SYSTEM32\winmmbase.dll
0x00007ffb1f0b0000 - 0x00007ffb1f0fa000 	C:\WINDOWS\System32\cfgmgr32.dll
0x00007ffb1e490000 - 0x00007ffb1e4a1000 	C:\WINDOWS\System32\kernel.appcore.dll
0x00007ffb1b110000 - 0x00007ffb1b120000 	C:\Program Files\Java\jdk1.8.0_261\jre\bin\verify.dll
0x00007ffb111b0000 - 0x00007ffb111db000 	C:\Program Files\Java\jdk1.8.0_261\jre\bin\java.dll
0x00007ffb18770000 - 0x00007ffb187a6000 	C:\Program Files\Java\jdk1.8.0_261\jre\bin\jdwp.dll
0x00007ffb1ab50000 - 0x00007ffb1ab59000 	C:\Program Files\Java\jdk1.8.0_261\jre\bin\npt.dll
0x00007ffb18730000 - 0x00007ffb18762000 	C:\Program Files\Java\jdk1.8.0_261\jre\bin\instrument.dll
0x00007ffb10c70000 - 0x00007ffb10c88000 	C:\Program Files\Java\jdk1.8.0_261\jre\bin\zip.dll
0x00007ffb1fad0000 - 0x00007ffb201b7000 	C:\WINDOWS\System32\SHELL32.dll
0x00007ffb212d0000 - 0x00007ffb21379000 	C:\WINDOWS\System32\shcore.dll
0x00007ffb1e650000 - 0x00007ffb1edd0000 	C:\WINDOWS\System32\windows.storage.dll
0x00007ffb1e460000 - 0x00007ffb1e483000 	C:\WINDOWS\System32\profapi.dll
0x00007ffb1e410000 - 0x00007ffb1e45a000 	C:\WINDOWS\System32\powrprof.dll
0x00007ffb1e3e0000 - 0x00007ffb1e3f0000 	C:\WINDOWS\System32\UMPDC.dll
0x00007ffb20600000 - 0x00007ffb20652000 	C:\WINDOWS\System32\shlwapi.dll
0x00007ffb1f530000 - 0x00007ffb1f547000 	C:\WINDOWS\System32\cryptsp.dll
0x00007ffb18720000 - 0x00007ffb1872a000 	C:\Program Files\Java\jdk1.8.0_261\jre\bin\dt_socket.dll
0x00007ffb07e00000 - 0x00007ffb07e16000 	C:\WINDOWS\system32\napinsp.dll
0x00007ffb07d50000 - 0x00007ffb07d6a000 	C:\WINDOWS\system32\pnrpnsp.dll
0x00007ffb1dbe0000 - 0x00007ffb1dc47000 	C:\WINDOWS\System32\mswsock.dll
0x00007ffb1d940000 - 0x00007ffb1da0b000 	C:\WINDOWS\SYSTEM32\DNSAPI.dll
0x00007ffb20410000 - 0x00007ffb20418000 	C:\WINDOWS\System32\NSI.dll
0x00007ffb1d900000 - 0x00007ffb1d93a000 	C:\WINDOWS\SYSTEM32\IPHLPAPI.DLL
0x00007ffb07d20000 - 0x00007ffb07d2e000 	C:\WINDOWS\System32\winrnr.dll
0x00007ffb1afb0000 - 0x00007ffb1afcc000 	C:\WINDOWS\system32\NLAapi.dll
0x00007ffb07c60000 - 0x00007ffb07c75000 	C:\WINDOWS\system32\wshbth.dll
0x000000006d7d0000 - 0x000000006d7f6000 	C:\Program Files\Bonjour\mdnsNSP.dll
0x00007ffb178c0000 - 0x00007ffb17937000 	C:\WINDOWS\System32\fwpuclnt.dll
0x00007ffb1f100000 - 0x00007ffb1f126000 	C:\WINDOWS\System32\bcrypt.dll
0x00007ffb15e40000 - 0x00007ffb15e4a000 	C:\Windows\System32\rasadhlp.dll
0x00007ffb0b070000 - 0x00007ffb0b264000 	C:\WINDOWS\SYSTEM32\dbghelp.dll

VM Arguments:
jvm_args: -agentlib:jdwp=transport=dt_socket,suspend=y,address=localhost:58003 -javaagent:C:\2020_Ecodation Java SE\eclipse\configuration\org.eclipse.osgi\411\0\.cp\lib\javaagent-shaded.jar -Dfile.encoding=UTF-8 
java_command: com.ecodation.examples.Example016_Asal
java_class_path (initial): C:\Users\Java Spring\ecodation\JavaSE\target\classes;C:\2020_Ecodation Java SE\eclipse\configuration\org.eclipse.osgi\411\0\.cp\lib\javaagent-shaded.jar
Launcher Type: SUN_STANDARD

Environment Variables:
PATH=C:\Program Files\Java\jdk1.8.0_261\jre\bin;C:/Program Files/Java/jre1.8.0_261/bin/server;C:/Program Files/Java/jre1.8.0_261/bin;C:/Program Files/Java/jre1.8.0_261/lib/amd64;C:\Program Files (x86)\Common Files\Oracle\Java\javapath;C:\sybase\DataAccess\ADONET\dll;C:\sybase\DataAccess\OLEDB\dll;C:\sybase\DataAccess\ODBC\dll;C:\sybase\OCS-15_0\lib3p;C:\sybase\OCS-15_0\dll;C:\sybase\OCS-15_0\bin;C:\WINDOWS\system32;C:\WINDOWS;C:\WINDOWS\System32\Wbem;C:\WINDOWS\System32\WindowsPowerShell\v1.0\;C:\Program Files\Intel\WiFi\bin\;C:\Program Files\Common Files\Intel\WirelessCommon\;C:\Program Files\MySQL\MySQL Utilities 1.6\;C:\Program Files\Java\jdk-13.0.1\;C:\WINDOWS\System32\OpenSSH\;C:\Program Files\Java\jdk-13.0.1;C:\Program Files\Java\jdk1.8.0_191;C:\Program Files\Notepad++;C:\Program Files\Perforce;C:\Program Files\PuTTY\;C:\Apache\apache-maven-3.6.3\bin;C:\Program Files\Microsoft SQL Server\120\DTS\Binn\;C:\Program Files\Microsoft SQL Server\Client SDK\ODBC\110\Tools\Binn\;C:\Program Files (x86)\Microsoft SQL Server\120\Tools\Binn\;C:\Program Files\Microsoft SQL Server\120\Tools\Binn\;C:\Program Files (x86)\Microsoft SQL Server\120\Tools\Binn\ManagementStudio\;C:\Program Files (x86)\Microsoft SQL Server\120\DTS\Binn\;C:\Users\Java Spring\AppData\Local\Microsoft\WindowsApps;C:\Users\Java Spring\AppData\Local\Programs\Microsoft VS Code\bin;C:\sybase\DBISQL\bin;C:\Program Files (x86)\Brackets\command;C:\Program Files (x86)\NVIDIA Corporation\PhysX\Common;C:\Program Files\Intel\WiFi\bin\;C:\Program Files\Common Files\Intel\WirelessCommon\;C:\Users\Java Spring\AppData\Local\Microsoft\WindowsApps;C:\Users\Java Spring\AppData\Local\Programs\Microsoft VS Code\bin;C:\Program Files\Java\jdk1.8.0_261\bin;C:\Program Files\Java\jre1.8.0_261\bin;;C:\2020_Ecodation Java SE\eclipse;
USERNAME=Java Spring
OS=Windows_NT
PROCESSOR_IDENTIFIER=Intel64 Family 6 Model 158 Stepping 13, GenuineIntel



---------------  S Y S T E M  ---------------

OS: Windows 10.0 , 64 bit Build 18362 (10.0.18362.1082)

CPU:total 9 (initial active 9) (6 cores per cpu, 2 threads per core) family 6 model 158 stepping 13, cmov, cx8, fxsr, mmx, sse, sse2, sse3, ssse3, sse4.1, sse4.2, popcnt, avx, avx2, aes, clmul, erms, 3dnowpref, lzcnt, ht, tsc, tscinvbit, bmi1, bmi2, adx

Memory: 4k page, physical 16616064k(9296120k free), swap 33393280k(15562484k free)

vm_info: Java HotSpot(TM) 64-Bit Server VM (25.261-b12) for windows-amd64 JRE (1.8.0_261-b12), built on Jun 18 2020 06:56:32 by "" with unknown MS VC++:1916

time: Fri Oct  2 17:16:53 2020
timezone: Turkey Standard Time
elapsed time: 232 seconds (0d 0h 3m 52s)

